<?xml version="1.0" encoding="UTF-8"?>
<testng-results ignored="0" total="1" passed="1" failed="0" skipped="0">
  <reporter-output>
  </reporter-output>
  <suite started-at="2022-10-18T22:45:36 IST" name="Default suite" finished-at="2022-10-18T22:45:43 IST" duration-ms="6740">
    <groups>
    </groups>
    <test started-at="2022-10-18T22:45:36 IST" name="Default test" finished-at="2022-10-18T22:45:43 IST" duration-ms="6740">
      <class name="testing.OpenBrowser">
        <test-method signature="OpenBrowserurl()[pri:0, instance:testing.OpenBrowser@649bec2e]" started-at="2022-10-18T22:45:37 IST" name="OpenBrowserurl" finished-at="2022-10-18T22:45:43 IST" duration-ms="6655" status="PASS">
          <reporter-output>
          </reporter-output>
        </test-method> <!-- OpenBrowserurl -->
      </class> <!-- testing.OpenBrowser -->
    </test> <!-- Default test -->
  </suite> <!-- Default suite -->
</testng-results>
