<?xml version="1.0" encoding="UTF-8"?>
<testng-results ignored="0" total="1" passed="1" failed="0" skipped="0">
  <reporter-output>
  </reporter-output>
  <suite started-at="2022-10-18T22:48:53 IST" name="Suite" finished-at="2022-10-18T22:49:00 IST" duration-ms="6674">
    <groups>
    </groups>
    <test started-at="2022-10-18T22:48:53 IST" name="Test" finished-at="2022-10-18T22:49:00 IST" duration-ms="6674">
      <class name="testing.OpenBrowser">
        <test-method signature="OpenBrowserurl()[pri:0, instance:testing.OpenBrowser@120f102b]" started-at="2022-10-18T22:48:53 IST" name="OpenBrowserurl" finished-at="2022-10-18T22:49:00 IST" duration-ms="6590" status="PASS">
          <reporter-output>
          </reporter-output>
        </test-method> <!-- OpenBrowserurl -->
      </class> <!-- testing.OpenBrowser -->
    </test> <!-- Test -->
  </suite> <!-- Suite -->
</testng-results>
